<?xml version="1.0" encoding="UTF-8"?>
<coverage generated="1764777993394" clover="3.2.0">
  <project timestamp="1764777993394" name="All files">
    <metrics statements="19" coveredstatements="12" conditionals="7" coveredconditionals="6" methods="6" coveredmethods="4" elements="32" coveredelements="22" complexity="0" loc="19" ncloc="19" packages="2" files="4" classes="4"/>
    <package name="CreateMessage">
      <metrics statements="15" coveredstatements="8" conditionals="4" coveredconditionals="3" methods="4" coveredmethods="2"/>
      <file name="CreateMessage.css" path="C:\Users\Jakob\Desktop\projekt\anslagstavla-TDD\src\components\CreateMessage\CreateMessage.css">
        <metrics statements="0" coveredstatements="0" conditionals="0" coveredconditionals="0" methods="0" coveredmethods="0"/>
      </file>
      <file name="CreateMessage.jsx" path="C:\Users\Jakob\Desktop\projekt\anslagstavla-TDD\src\components\CreateMessage\CreateMessage.jsx">
        <metrics statements="15" coveredstatements="8" conditionals="4" coveredconditionals="3" methods="4" coveredmethods="2"/>
        <line num="6" count="1" type="stmt"/>
        <line num="7" count="4" type="stmt"/>
        <line num="8" count="4" type="stmt"/>
        <line num="9" count="4" type="stmt"/>
        <line num="11" count="4" type="stmt"/>
        <line num="12" count="1" type="cond" truecount="1" falsecount="1"/>
        <line num="13" count="1" type="stmt"/>
        <line num="15" count="0" type="stmt"/>
        <line num="24" count="0" type="stmt"/>
        <line num="25" count="0" type="stmt"/>
        <line num="26" count="0" type="stmt"/>
        <line num="27" count="0" type="stmt"/>
        <line num="30" count="4" type="stmt"/>
        <line num="37" count="0" type="stmt"/>
        <line num="43" count="0" type="stmt"/>
      </file>
    </package>
    <package name="ShowMessage">
      <metrics statements="4" coveredstatements="4" conditionals="3" coveredconditionals="3" methods="2" coveredmethods="2"/>
      <file name="ShowMessage.css" path="C:\Users\Jakob\Desktop\projekt\anslagstavla-TDD\src\components\ShowMessage\ShowMessage.css">
        <metrics statements="0" coveredstatements="0" conditionals="0" coveredconditionals="0" methods="0" coveredmethods="0"/>
      </file>
      <file name="ShowMessage.jsx" path="C:\Users\Jakob\Desktop\projekt\anslagstavla-TDD\src\components\ShowMessage\ShowMessage.jsx">
        <metrics statements="4" coveredstatements="4" conditionals="3" coveredconditionals="3" methods="2" coveredmethods="2"/>
        <line num="4" count="1" type="cond" truecount="1" falsecount="0"/>
        <line num="5" count="3" type="stmt"/>
        <line num="7" count="3" type="stmt"/>
        <line num="12" count="3" type="stmt"/>
      </file>
    </package>
  </project>
</coverage>
