{"C:\\Users\\Jakob\\Desktop\\projekt\\anslagstavla-TDD\\src\\components\\CreateMessage\\CreateMessage.css": {"path":"C:\\Users\\Jakob\\Desktop\\projekt\\anslagstavla-TDD\\src\\components\\CreateMessage\\CreateMessage.css","statementMap":{},"fnMap":{},"branchMap":{},"s":{},"f":{},"b":{},"meta":{"lastBranch":0,"lastFunction":0,"lastStatement":0,"seen":{}}}
,"C:\\Users\\Jakob\\Desktop\\projekt\\anslagstavla-TDD\\src\\components\\CreateMessage\\CreateMessage.jsx": {"path":"C:\\Users\\Jakob\\Desktop\\projekt\\anslagstavla-TDD\\src\\components\\CreateMessage\\CreateMessage.jsx","statementMap":{"0":{"start":{"line":6,"column":22},"end":{"line":49,"column":null}},"1":{"start":{"line":7,"column":8},"end":{"line":7,"column":null}},"2":{"start":{"line":8,"column":24},"end":{"line":8,"column":null}},"3":{"start":{"line":9,"column":22},"end":{"line":9,"column":null}},"4":{"start":{"line":11,"column":22},"end":{"line":29,"column":null}},"5":{"start":{"line":12,"column":4},"end":{"line":28,"column":null}},"6":{"start":{"line":13,"column":6},"end":{"line":13,"column":null}},"7":{"start":{"line":15,"column":25},"end":{"line":23,"column":null}},"8":{"start":{"line":24,"column":6},"end":{"line":24,"column":null}},"9":{"start":{"line":25,"column":6},"end":{"line":25,"column":null}},"10":{"start":{"line":26,"column":6},"end":{"line":26,"column":null}},"11":{"start":{"line":27,"column":6},"end":{"line":27,"column":null}},"12":{"start":{"line":30,"column":2},"end":{"line":47,"column":null}},"13":{"start":{"line":37,"column":25},"end":{"line":37,"column":null}},"14":{"start":{"line":43,"column":25},"end":{"line":43,"column":null}}},"fnMap":{"0":{"name":"(anonymous_0)","decl":{"start":{"line":6,"column":22},"end":{"line":6,"column":23}},"loc":{"start":{"line":6,"column":49},"end":{"line":49,"column":null}},"line":6},"1":{"name":"(anonymous_1)","decl":{"start":{"line":11,"column":22},"end":{"line":11,"column":28}},"loc":{"start":{"line":11,"column":28},"end":{"line":29,"column":null}},"line":11},"2":{"name":"(anonymous_2)","decl":{"start":{"line":37,"column":18},"end":{"line":37,"column":19}},"loc":{"start":{"line":37,"column":25},"end":{"line":37,"column":null}},"line":37},"3":{"name":"(anonymous_3)","decl":{"start":{"line":43,"column":18},"end":{"line":43,"column":19}},"loc":{"start":{"line":43,"column":25},"end":{"line":43,"column":null}},"line":43}},"branchMap":{"0":{"loc":{"start":{"line":12,"column":4},"end":{"line":28,"column":null}},"type":"if","locations":[{"start":{"line":12,"column":4},"end":{"line":28,"column":null}},{"start":{"line":14,"column":11},"end":{"line":28,"column":null}}],"line":12},"1":{"loc":{"start":{"line":46,"column":7},"end":{"line":46,"column":null}},"type":"binary-expr","locations":[{"start":{"line":46,"column":7},"end":{"line":46,"column":16}},{"start":{"line":46,"column":16},"end":{"line":46,"column":null}}],"line":46}},"s":{"0":1,"1":4,"2":4,"3":4,"4":4,"5":1,"6":1,"7":0,"8":0,"9":0,"10":0,"11":0,"12":4,"13":0,"14":0},"f":{"0":4,"1":1,"2":0,"3":0},"b":{"0":[1,0],"1":[4,1]},"meta":{"lastBranch":2,"lastFunction":4,"lastStatement":15,"seen":{"s:6:22:49:Infinity":0,"f:6:22:6:23":0,"s:7:8:7:Infinity":1,"s:8:24:8:Infinity":2,"s:9:22:9:Infinity":3,"s:11:22:29:Infinity":4,"f:11:22:11:28":1,"b:12:4:28:Infinity:14:11:28:Infinity":0,"s:12:4:28:Infinity":5,"s:13:6:13:Infinity":6,"s:15:25:23:Infinity":7,"s:24:6:24:Infinity":8,"s:25:6:25:Infinity":9,"s:26:6:26:Infinity":10,"s:27:6:27:Infinity":11,"s:30:2:47:Infinity":12,"f:37:18:37:19":2,"s:37:25:37:Infinity":13,"f:43:18:43:19":3,"s:43:25:43:Infinity":14,"b:46:7:46:16:46:16:46:Infinity":1}}}
,"C:\\Users\\Jakob\\Desktop\\projekt\\anslagstavla-TDD\\src\\components\\ShowMessage\\ShowMessage.css": {"path":"C:\\Users\\Jakob\\Desktop\\projekt\\anslagstavla-TDD\\src\\components\\ShowMessage\\ShowMessage.css","statementMap":{},"fnMap":{},"branchMap":{},"s":{},"f":{},"b":{},"meta":{"lastBranch":0,"lastFunction":0,"lastStatement":0,"seen":{}}}
,"C:\\Users\\Jakob\\Desktop\\projekt\\anslagstavla-TDD\\src\\components\\ShowMessage\\ShowMessage.jsx": {"path":"C:\\Users\\Jakob\\Desktop\\projekt\\anslagstavla-TDD\\src\\components\\ShowMessage\\ShowMessage.jsx","statementMap":{"0":{"start":{"line":4,"column":20},"end":{"line":20,"column":null}},"1":{"start":{"line":5,"column":2},"end":{"line":5,"column":null}},"2":{"start":{"line":7,"column":2},"end":{"line":18,"column":null}},"3":{"start":{"line":12,"column":8},"end":{"line":16,"column":null}}},"fnMap":{"0":{"name":"(anonymous_0)","decl":{"start":{"line":4,"column":20},"end":{"line":4,"column":21}},"loc":{"start":{"line":4,"column":43},"end":{"line":20,"column":null}},"line":4},"1":{"name":"(anonymous_1)","decl":{"start":{"line":11,"column":20},"end":{"line":11,"column":21}},"loc":{"start":{"line":12,"column":8},"end":{"line":16,"column":null}},"line":12}},"branchMap":{"0":{"loc":{"start":{"line":4,"column":23},"end":{"line":4,"column":37}},"type":"default-arg","locations":[{"start":{"line":4,"column":34},"end":{"line":4,"column":37}}],"line":4},"1":{"loc":{"start":{"line":9,"column":7},"end":{"line":9,"column":null}},"type":"binary-expr","locations":[{"start":{"line":9,"column":7},"end":{"line":9,"column":32}},{"start":{"line":9,"column":32},"end":{"line":9,"column":null}}],"line":9}},"s":{"0":1,"1":3,"2":3,"3":3},"f":{"0":3,"1":3},"b":{"0":[3],"1":[3,1]},"meta":{"lastBranch":2,"lastFunction":2,"lastStatement":4,"seen":{"s:4:20:20:Infinity":0,"f:4:20:4:21":0,"b:4:34:4:37":0,"s:5:2:5:Infinity":1,"s:7:2:18:Infinity":2,"b:9:7:9:32:9:32:9:Infinity":1,"f:11:20:11:21":1,"s:12:8:16:Infinity":3}}}
}
